[
  {
    "line": 1,
    "elements": [
      {
        "start_timestamp": "2021-07-11T10:32:51.761Z",
        "line": 3,
        "name": "Verify if user can successfully create new user",
        "description": "",
        "id": "validating-create-a-user;verify-if-user-can-successfully-create-new-user",
        "type": "scenario",
        "keyword": "Scenario",
        "steps": [
          {
            "result": {
              "duration": 2844620200,
              "status": "passed"
            },
            "line": 4,
            "name": "User can login with admin credentials using post method",
            "match": {
              "location": "login.user_can_login_with_admin_credentials_using_post_method()"
            },
            "keyword": "Given "
          },
          {
            "result": {
              "error_message": "java.lang.AssertionError: 1 expectation failed.\nExpected status code \u003c201\u003e but was \u003c400\u003e.\n\r\n\tat sun.reflect.NativeConstructorAccessorImpl.newInstance0(Native Method)\r\n\tat sun.reflect.NativeConstructorAccessorImpl.newInstance(Unknown Source)\r\n\tat sun.reflect.DelegatingConstructorAccessorImpl.newInstance(Unknown Source)\r\n\tat java.lang.reflect.Constructor.newInstance(Unknown Source)\r\n\tat org.codehaus.groovy.reflection.CachedConstructor.invoke(CachedConstructor.java:80)\r\n\tat org.codehaus.groovy.reflection.CachedConstructor.doConstructorInvoke(CachedConstructor.java:74)\r\n\tat org.codehaus.groovy.runtime.callsite.ConstructorSite$ConstructorSiteNoUnwrap.callConstructor(ConstructorSite.java:84)\r\n\tat org.codehaus.groovy.runtime.callsite.CallSiteArray.defaultCallConstructor(CallSiteArray.java:59)\r\n\tat org.codehaus.groovy.runtime.callsite.AbstractCallSite.callConstructor(AbstractCallSite.java:237)\r\n\tat org.codehaus.groovy.runtime.callsite.AbstractCallSite.callConstructor(AbstractCallSite.java:249)\r\n\tat io.restassured.internal.ResponseSpecificationImpl$HamcrestAssertionClosure.validate(ResponseSpecificationImpl.groovy:493)\r\n\tat io.restassured.internal.ResponseSpecificationImpl$HamcrestAssertionClosure$validate$1.call(Unknown Source)\r\n\tat org.codehaus.groovy.runtime.callsite.CallSiteArray.defaultCall(CallSiteArray.java:47)\r\n\tat org.codehaus.groovy.runtime.callsite.AbstractCallSite.call(AbstractCallSite.java:115)\r\n\tat org.codehaus.groovy.runtime.callsite.AbstractCallSite.call(AbstractCallSite.java:127)\r\n\tat io.restassured.internal.ResponseSpecificationImpl.validateResponseIfRequired(ResponseSpecificationImpl.groovy:674)\r\n\tat sun.reflect.NativeMethodAccessorImpl.invoke0(Native Method)\r\n\tat sun.reflect.NativeMethodAccessorImpl.invoke(Unknown Source)\r\n\tat sun.reflect.DelegatingMethodAccessorImpl.invoke(Unknown Source)\r\n\tat java.lang.reflect.Method.invoke(Unknown Source)\r\n\tat org.codehaus.groovy.runtime.callsite.PlainObjectMetaMethodSite.doInvoke(PlainObjectMetaMethodSite.java:43)\r\n\tat org.codehaus.groovy.runtime.callsite.PogoMetaMethodSite$PogoCachedMethodSiteNoUnwrapNoCoerce.invoke(PogoMetaMethodSite.java:190)\r\n\tat org.codehaus.groovy.runtime.callsite.PogoMetaMethodSite.callCurrent(PogoMetaMethodSite.java:58)\r\n\tat org.codehaus.groovy.runtime.callsite.CallSiteArray.defaultCallCurrent(CallSiteArray.java:51)\r\n\tat org.codehaus.groovy.runtime.callsite.AbstractCallSite.callCurrent(AbstractCallSite.java:156)\r\n\tat org.codehaus.groovy.runtime.callsite.AbstractCallSite.callCurrent(AbstractCallSite.java:168)\r\n\tat io.restassured.internal.ResponseSpecificationImpl.statusCode(ResponseSpecificationImpl.groovy:126)\r\n\tat io.restassured.specification.ResponseSpecification$statusCode$0.callCurrent(Unknown Source)\r\n\tat org.codehaus.groovy.runtime.callsite.CallSiteArray.defaultCallCurrent(CallSiteArray.java:51)\r\n\tat org.codehaus.groovy.runtime.callsite.AbstractCallSite.callCurrent(AbstractCallSite.java:156)\r\n\tat org.codehaus.groovy.runtime.callsite.AbstractCallSite.callCurrent(AbstractCallSite.java:168)\r\n\tat io.restassured.internal.ResponseSpecificationImpl.statusCode(ResponseSpecificationImpl.groovy:134)\r\n\tat io.restassured.internal.ValidatableResponseOptionsImpl.statusCode(ValidatableResponseOptionsImpl.java:89)\r\n\tat io.restassured.internal.ValidatableResponseImpl.super$2$statusCode(ValidatableResponseImpl.groovy)\r\n\tat sun.reflect.NativeMethodAccessorImpl.invoke0(Native Method)\r\n\tat sun.reflect.NativeMethodAccessorImpl.invoke(Unknown Source)\r\n\tat sun.reflect.DelegatingMethodAccessorImpl.invoke(Unknown Source)\r\n\tat java.lang.reflect.Method.invoke(Unknown Source)\r\n\tat org.codehaus.groovy.reflection.CachedMethod.invoke(CachedMethod.java:101)\r\n\tat groovy.lang.MetaMethod.doMethodInvoke(MetaMethod.java:323)\r\n\tat groovy.lang.MetaClassImpl.invokeMethod(MetaClassImpl.java:1217)\r\n\tat org.codehaus.groovy.runtime.ScriptBytecodeAdapter.invokeMethodOnSuperN(ScriptBytecodeAdapter.java:144)\r\n\tat io.restassured.internal.ValidatableResponseImpl.statusCode(ValidatableResponseImpl.groovy:142)\r\n\tat io.restassured.internal.ValidatableResponseImpl.statusCode(ValidatableResponseImpl.groovy)\r\n\tat stepDefinations.user.create_new_user_using_post_method(user.java:27)\r\n\tat ✽.Create New user using post method(file:src/test/java/features/Auser.feature:5)\r\n",
              "duration": 1550637000,
              "status": "failed"
            },
            "line": 5,
            "name": "Create New user using post method",
            "match": {
              "location": "user.create_new_user_using_post_method()"
            },
            "keyword": "Then "
          }
        ],
        "tags": [
          {
            "name": "@Adduser"
          }
        ]
      }
    ],
    "name": "Validating Create A user",
    "description": "",
    "id": "validating-create-a-user",
    "keyword": "Feature",
    "uri": "file:src/test/java/features/Auser.feature",
    "tags": []
  },
  {
    "line": 1,
    "elements": [
      {
        "start_timestamp": "2021-07-11T10:32:56.177Z",
        "line": 3,
        "name": "Verify if user can successfully create new user",
        "description": "",
        "id": "validating-create-a-new-project;verify-if-user-can-successfully-create-new-user",
        "type": "scenario",
        "keyword": "Scenario",
        "steps": [
          {
            "result": {
              "duration": 95228600,
              "status": "passed"
            },
            "line": 4,
            "name": "User can login with admin credentials using post method",
            "match": {
              "location": "login.user_can_login_with_admin_credentials_using_post_method()"
            },
            "keyword": "Given "
          },
          {
            "result": {
              "duration": 91217100,
              "status": "passed"
            },
            "line": 5,
            "name": "create new project using post method",
            "match": {
              "location": "ProjectTesting.create_new_project_using_post_method()"
            },
            "keyword": "And "
          },
          {
            "result": {
              "error_message": "java.lang.AssertionError: 1 expectation failed.\nExpected status code \u003c201\u003e but was \u003c400\u003e.\n\r\n\tat sun.reflect.NativeConstructorAccessorImpl.newInstance0(Native Method)\r\n\tat sun.reflect.NativeConstructorAccessorImpl.newInstance(Unknown Source)\r\n\tat sun.reflect.DelegatingConstructorAccessorImpl.newInstance(Unknown Source)\r\n\tat java.lang.reflect.Constructor.newInstance(Unknown Source)\r\n\tat org.codehaus.groovy.reflection.CachedConstructor.invoke(CachedConstructor.java:80)\r\n\tat org.codehaus.groovy.reflection.CachedConstructor.doConstructorInvoke(CachedConstructor.java:74)\r\n\tat org.codehaus.groovy.runtime.callsite.ConstructorSite$ConstructorSiteNoUnwrap.callConstructor(ConstructorSite.java:84)\r\n\tat org.codehaus.groovy.runtime.callsite.AbstractCallSite.callConstructor(AbstractCallSite.java:249)\r\n\tat io.restassured.internal.ResponseSpecificationImpl$HamcrestAssertionClosure.validate(ResponseSpecificationImpl.groovy:493)\r\n\tat io.restassured.internal.ResponseSpecificationImpl$HamcrestAssertionClosure$validate$1.call(Unknown Source)\r\n\tat io.restassured.internal.ResponseSpecificationImpl.validateResponseIfRequired(ResponseSpecificationImpl.groovy:674)\r\n\tat sun.reflect.NativeMethodAccessorImpl.invoke0(Native Method)\r\n\tat sun.reflect.NativeMethodAccessorImpl.invoke(Unknown Source)\r\n\tat sun.reflect.DelegatingMethodAccessorImpl.invoke(Unknown Source)\r\n\tat java.lang.reflect.Method.invoke(Unknown Source)\r\n\tat org.codehaus.groovy.runtime.callsite.PlainObjectMetaMethodSite.doInvoke(PlainObjectMetaMethodSite.java:43)\r\n\tat org.codehaus.groovy.runtime.callsite.PogoMetaMethodSite$PogoCachedMethodSiteNoUnwrapNoCoerce.invoke(PogoMetaMethodSite.java:190)\r\n\tat org.codehaus.groovy.runtime.callsite.PogoMetaMethodSite.callCurrent(PogoMetaMethodSite.java:58)\r\n\tat org.codehaus.groovy.runtime.callsite.AbstractCallSite.callCurrent(AbstractCallSite.java:168)\r\n\tat io.restassured.internal.ResponseSpecificationImpl.statusCode(ResponseSpecificationImpl.groovy:126)\r\n\tat io.restassured.specification.ResponseSpecification$statusCode$0.callCurrent(Unknown Source)\r\n\tat io.restassured.internal.ResponseSpecificationImpl.statusCode(ResponseSpecificationImpl.groovy:134)\r\n\tat io.restassured.internal.ValidatableResponseOptionsImpl.statusCode(ValidatableResponseOptionsImpl.java:89)\r\n\tat io.restassured.internal.ValidatableResponseImpl.super$2$statusCode(ValidatableResponseImpl.groovy)\r\n\tat sun.reflect.NativeMethodAccessorImpl.invoke0(Native Method)\r\n\tat sun.reflect.NativeMethodAccessorImpl.invoke(Unknown Source)\r\n\tat sun.reflect.DelegatingMethodAccessorImpl.invoke(Unknown Source)\r\n\tat java.lang.reflect.Method.invoke(Unknown Source)\r\n\tat org.codehaus.groovy.reflection.CachedMethod.invoke(CachedMethod.java:101)\r\n\tat groovy.lang.MetaMethod.doMethodInvoke(MetaMethod.java:323)\r\n\tat groovy.lang.MetaClassImpl.invokeMethod(MetaClassImpl.java:1217)\r\n\tat org.codehaus.groovy.runtime.ScriptBytecodeAdapter.invokeMethodOnSuperN(ScriptBytecodeAdapter.java:144)\r\n\tat io.restassured.internal.ValidatableResponseImpl.statusCode(ValidatableResponseImpl.groovy:142)\r\n\tat io.restassured.internal.ValidatableResponseImpl.statusCode(ValidatableResponseImpl.groovy)\r\n\tat stepDefinations.ProjectTesting.get_all_project_and_show_list(ProjectTesting.java:32)\r\n\tat ✽.get all project and show list(file:src/test/java/features/BprojectTesting.feature:6)\r\n",
              "duration": 54471100,
              "status": "failed"
            },
            "line": 6,
            "name": "get all project and show list",
            "match": {
              "location": "ProjectTesting.get_all_project_and_show_list()"
            },
            "keyword": "Then "
          }
        ],
        "tags": [
          {
            "name": "@Addproject"
          }
        ]
      }
    ],
    "name": "Validating Create a new project",
    "description": "",
    "id": "validating-create-a-new-project",
    "keyword": "Feature",
    "uri": "file:src/test/java/features/BprojectTesting.feature",
    "tags": []
  },
  {
    "line": 1,
    "elements": [
      {
        "start_timestamp": "2021-07-11T10:32:56.419Z",
        "line": 3,
        "name": "Verify if user can create an issue add comment and attachment",
        "description": "",
        "id": "validating-create-an-issue;verify-if-user-can-create-an-issue-add-comment-and-attachment",
        "type": "scenario",
        "keyword": "Scenario",
        "steps": [
          {
            "result": {
              "duration": 108957100,
              "status": "passed"
            },
            "line": 4,
            "name": "User can login with admin credentials using post method",
            "match": {
              "location": "login.user_can_login_with_admin_credentials_using_post_method()"
            },
            "keyword": "Given "
          },
          {
            "result": {
              "duration": 387136400,
              "status": "passed"
            },
            "line": 5,
            "name": "Create new issue using post method",
            "match": {
              "location": "IssueValidation.create_new_issue_using_post_method()"
            },
            "keyword": "And "
          },
          {
            "result": {
              "duration": 360174600,
              "status": "passed"
            },
            "line": 6,
            "name": "Add comment on issue",
            "match": {
              "location": "IssueValidation.add_comment_on_issue()"
            },
            "keyword": "And "
          },
          {
            "result": {
              "duration": 197135500,
              "status": "passed"
            },
            "line": 7,
            "name": "Add attachment using post method",
            "match": {
              "location": "IssueValidation.add_attachment_using_post_method()"
            },
            "keyword": "Then "
          },
          {
            "result": {
              "duration": 89600,
              "status": "passed"
            },
            "line": 8,
            "name": "Edit issue using PUT method",
            "match": {
              "location": "IssueValidation.edit_issue_using_put_method()"
            },
            "keyword": "And "
          }
        ],
        "tags": [
          {
            "name": "@issue"
          }
        ]
      }
    ],
    "name": "Validating Create an issue",
    "description": "",
    "id": "validating-create-an-issue",
    "keyword": "Feature",
    "uri": "file:src/test/java/features/issueValidation.feature",
    "tags": []
  }
]